<?xml version="1.0" encoding="UTF-8"?>
<testsuite xmlns:xsi="http://www.w3.org/2001/XMLSchema-instance" xsi:noNamespaceSchemaLocation="https://maven.apache.org/surefire/maven-surefire-plugin/xsd/surefire-test-report-3.0.xsd" version="3.0" name="com.reservationsystem.service.CustomerServiceTest" time="0.549" tests="0" errors="0" skipped="0" failures="0">
  <properties>
    <property name="java.specification.version" value="17"/>
    <property name="sun.jnu.encoding" value="UTF-8"/>
    <property name="java.class.path" value="/home/amingielewicz/IdeaProjects/hotel/target/test-classes:/home/amingielewicz/IdeaProjects/hotel/target/classes:/home/amingielewicz/.m2/repository/junit/junit/4.12/junit-4.12.jar:/home/amingielewicz/.m2/repository/org/hamcrest/hamcrest-core/1.3/hamcrest-core-1.3.jar:/home/amingielewicz/.m2/repository/org/assertj/assertj-core/3.12.2/assertj-core-3.12.2.jar:/home/amingielewicz/.m2/repository/org/testng/testng/7.10.1/testng-7.10.1.jar:/home/amingielewicz/.m2/repository/org/slf4j/slf4j-api/1.7.36/slf4j-api-1.7.36.jar:/home/amingielewicz/.m2/repository/com/beust/jcommander/1.82/jcommander-1.82.jar:/home/amingielewicz/.m2/repository/org/webjars/jquery/3.7.1/jquery-3.7.1.jar:"/>
    <property name="java.vm.vendor" value="Debian"/>
    <property name="sun.arch.data.model" value="64"/>
    <property name="java.vendor.url" value="https://tracker.debian.org/openjdk-17"/>
    <property name="user.timezone" value="Europe/Warsaw"/>
    <property name="os.name" value="Linux"/>
    <property name="java.vm.specification.version" value="17"/>
    <property name="sun.java.launcher" value="SUN_STANDARD"/>
    <property name="user.country" value="PL"/>
    <property name="sun.boot.library.path" value="/usr/lib/jvm/java-17-openjdk-amd64/lib"/>
    <property name="sun.java.command" value="/home/amingielewicz/IdeaProjects/hotel/target/surefire/surefirebooter-20240428190330619_3.jar /home/amingielewicz/IdeaProjects/hotel/target/surefire 2024-04-28T19-03-30_452-jvmRun1 surefire-20240428190330619_1tmp surefire_0-20240428190330619_2tmp"/>
    <property name="jdk.debug" value="release"/>
    <property name="surefire.test.class.path" value="/home/amingielewicz/IdeaProjects/hotel/target/test-classes:/home/amingielewicz/IdeaProjects/hotel/target/classes:/home/amingielewicz/.m2/repository/junit/junit/4.12/junit-4.12.jar:/home/amingielewicz/.m2/repository/org/hamcrest/hamcrest-core/1.3/hamcrest-core-1.3.jar:/home/amingielewicz/.m2/repository/org/assertj/assertj-core/3.12.2/assertj-core-3.12.2.jar:/home/amingielewicz/.m2/repository/org/testng/testng/7.10.1/testng-7.10.1.jar:/home/amingielewicz/.m2/repository/org/slf4j/slf4j-api/1.7.36/slf4j-api-1.7.36.jar:/home/amingielewicz/.m2/repository/com/beust/jcommander/1.82/jcommander-1.82.jar:/home/amingielewicz/.m2/repository/org/webjars/jquery/3.7.1/jquery-3.7.1.jar:"/>
    <property name="sun.cpu.endian" value="little"/>
    <property name="user.home" value="/home/amingielewicz"/>
    <property name="user.language" value="pl"/>
    <property name="java.specification.vendor" value="Oracle Corporation"/>
    <property name="java.version.date" value="2024-04-16"/>
    <property name="java.home" value="/usr/lib/jvm/java-17-openjdk-amd64"/>
    <property name="file.separator" value="/"/>
    <property name="basedir" value="/home/amingielewicz/IdeaProjects/hotel"/>
    <property name="java.vm.compressedOopsMode" value="Zero based"/>
    <property name="line.separator" value="&#10;"/>
    <property name="java.vm.specification.vendor" value="Oracle Corporation"/>
    <property name="java.specification.name" value="Java Platform API Specification"/>
    <property name="surefire.real.class.path" value="/home/amingielewicz/IdeaProjects/hotel/target/surefire/surefirebooter-20240428190330619_3.jar"/>
    <property name="sun.management.compiler" value="HotSpot 64-Bit Tiered Compilers"/>
    <property name="java.runtime.version" value="17.0.11+9-Debian-1deb12u1"/>
    <property name="user.name" value="amingielewicz"/>
    <property name="path.separator" value=":"/>
    <property name="os.version" value="6.1.0-20-amd64"/>
    <property name="java.runtime.name" value="OpenJDK Runtime Environment"/>
    <property name="file.encoding" value="UTF-8"/>
    <property name="java.vm.name" value="OpenJDK 64-Bit Server VM"/>
    <property name="localRepository" value="/home/amingielewicz/.m2/repository"/>
    <property name="java.vendor.url.bug" value="https://bugs.debian.org/openjdk-17"/>
    <property name="java.io.tmpdir" value="/tmp"/>
    <property name="idea.version" value="2024.1"/>
    <property name="java.version" value="17.0.11"/>
    <property name="user.dir" value="/home/amingielewicz/IdeaProjects/hotel"/>
    <property name="os.arch" value="amd64"/>
    <property name="java.vm.specification.name" value="Java Virtual Machine Specification"/>
    <property name="native.encoding" value="UTF-8"/>
    <property name="java.library.path" value="/usr/java/packages/lib:/usr/lib/x86_64-linux-gnu/jni:/lib/x86_64-linux-gnu:/usr/lib/x86_64-linux-gnu:/usr/lib/jni:/lib:/usr/lib"/>
    <property name="java.vm.info" value="mixed mode, sharing"/>
    <property name="java.vendor" value="Debian"/>
    <property name="java.vm.version" value="17.0.11+9-Debian-1deb12u1"/>
    <property name="sun.io.unicode.encoding" value="UnicodeLittle"/>
    <property name="java.class.version" value="61.0"/>
  </properties>
</testsuite>